This is pdfTeXk, Version 3.141592-1.40.3 (Web2C 7.5.6) (format=pdflatex 2010.7.4)  10 DEC 2010 16:40
entering extended mode
 %&-line parsing enabled.
**computer_vision_paper
(./computer_vision_paper.tex
LaTeX2e <2005/12/01>
Babel <v3.8h> and hyphenation patterns for english, usenglishmax, dumylang, noh
yphenation, loaded.
(/usr/share/texmf-texlive/tex/latex/base/acm_proc_article-sp.cls
(/usr/share/texmf-texlive/tex/latex/graphics/epsfig.sty
Package: epsfig 1999/02/16 v1.7a (e)psfig emulation (SPQR)

(/usr/share/texmf-texlive/tex/latex/graphics/graphicx.sty
Package: graphicx 1999/02/16 v1.0f Enhanced LaTeX Graphics (DPC,SPQR)

(/usr/share/texmf-texlive/tex/latex/graphics/keyval.sty
Package: keyval 1999/03/16 v1.13 key=value parser (DPC)
\KV@toks@=\toks14
)
(/usr/share/texmf-texlive/tex/latex/graphics/graphics.sty
Package: graphics 2006/02/20 v1.0o Standard LaTeX Graphics (DPC,SPQR)

(/usr/share/texmf-texlive/tex/latex/graphics/trig.sty
Package: trig 1999/03/16 v1.09 sin cos tan (DPC)
)
(/etc/texmf/tex/latex/config/graphics.cfg
File: graphics.cfg 2007/01/18 v1.5 graphics configuration of teTeX/TeXLive
)
Package graphics Info: Driver file: pdftex.def on input line 90.

(/usr/share/texmf-texlive/tex/latex/pdftex-def/pdftex.def
File: pdftex.def 2007/01/08 v0.04d Graphics/color for pdfTeX
\Gread@gobject=\count79
))
\Gin@req@height=\dimen102
\Gin@req@width=\dimen103
)
\epsfxsize=\dimen104
\epsfysize=\dimen105
)
(/usr/share/texmf-texlive/tex/latex/amsfonts/amssymb.sty
Package: amssymb 2002/01/22 v2.2d

(/usr/share/texmf-texlive/tex/latex/amsfonts/amsfonts.sty
Package: amsfonts 2001/10/25 v2.2f
\@emptytoks=\toks15
\symAMSa=\mathgroup4
\symAMSb=\mathgroup5
LaTeX Font Info:    Overwriting math alphabet `\mathfrak' in version `bold'
(Font)                  U/euf/m/n --> U/euf/b/n on input line 132.
))
(/usr/share/texmf-texlive/tex/latex/amsmath/amsmath.sty
Package: amsmath 2000/07/18 v2.13 AMS math features
\@mathmargin=\skip41

For additional information on amsmath, use the `?' option.
(/usr/share/texmf-texlive/tex/latex/amsmath/amstext.sty
Package: amstext 2000/06/29 v2.01

(/usr/share/texmf-texlive/tex/latex/amsmath/amsgen.sty
File: amsgen.sty 1999/11/30 v2.0
\@emptytoks=\toks16
\ex@=\dimen106
))
(/usr/share/texmf-texlive/tex/latex/amsmath/amsbsy.sty
Package: amsbsy 1999/11/29 v1.2d
\pmbraise@=\dimen107
)
(/usr/share/texmf-texlive/tex/latex/amsmath/amsopn.sty
Package: amsopn 1999/12/14 v2.01 operator names
)
\inf@bad=\count80
LaTeX Info: Redefining \frac on input line 211.
\uproot@=\count81
\leftroot@=\count82
LaTeX Info: Redefining \overline on input line 307.
\classnum@=\count83
\DOTSCASE@=\count84
LaTeX Info: Redefining \ldots on input line 379.
LaTeX Info: Redefining \dots on input line 382.
LaTeX Info: Redefining \cdots on input line 467.
\Mathstrutbox@=\box26
\strutbox@=\box27
\big@size=\dimen108
LaTeX Font Info:    Redeclaring font encoding OML on input line 567.
LaTeX Font Info:    Redeclaring font encoding OMS on input line 568.
\macc@depth=\count85
\c@MaxMatrixCols=\count86
\dotsspace@=\muskip10
\c@parentequation=\count87
\dspbrk@lvl=\count88
\tag@help=\toks17
\row@=\count89
\column@=\count90
\maxfields@=\count91
\andhelp@=\toks18
\eqnshift@=\dimen109
\alignsep@=\dimen110
\tagshift@=\dimen111
\tagwidth@=\dimen112
\totwidth@=\dimen113
\lineht@=\dimen114
\@envbody=\toks19
\multlinegap=\skip42
\multlinetaggap=\skip43
\mathdisplay@stack=\toks20
LaTeX Info: Redefining \[ on input line 2666.
LaTeX Info: Redefining \] on input line 2667.
)
Document Class 'acm_proc_article-sp' <22nd. April '09>. Modified by G.K.M. Tobi
n
Based in part upon document Style `acmconf' <22 May 89>. Hacked 4/91 by
shivers@cs.cmu.edu, 4/93 by theobald@cs.mcgill.ca
Excerpts were taken from (Journal Style) 'esub2acm.cls'.
****** Bugs/comments/suggestions to Gerry Murray -- murray@hq.acm.org ******
\footheight=\dimen115
\@maxsep=\dimen116
\@dblmaxsep=\dimen117
\aucount=\count92
\originalaucount=\count93
\auwidth=\dimen118
\auskip=\dimen119
\auskipcount=\count94
\auskip=\dimen120
\allauboxes=\dimen121
\addauthors=\toks21
\addauflag=\count95
\subtitletext=\toks22
\savesection=\count96
\sectioncntr=\count97
\c@figure=\count98
\c@table=\count99
\titleboxnotes=\toks23
\titleboxnoteflag=\count100
Document Class: acm_proc_article-sp 2009/04/22 - V3.2SP - based on esub2acm.sty
 <23 April 96>
(/usr/share/texmf-texlive/tex/latex/base/latexsym.sty
Package: latexsym 1998/08/17 v2.2e Standard LaTeX package (lasy symbols)
\symlasy=\mathgroup6
LaTeX Font Info:    Overwriting symbol font `lasy' in version `bold'
(Font)                  U/lasy/m/n --> U/lasy/b/n on input line 47.
)
\@acmtitlebox=\box28
\titlenotecount=\count101
\tntoks=\toks24
\tntokstwo=\toks25
\tntoksthree=\toks26
\tntoksfour=\toks27
\tntoksfive=\toks28
\catcount=\count102
\copyrightnotice=\toks29
\conf=\toks30
\confinfo=\toks31
\c@part=\count103
\c@section=\count104
\c@subsection=\count105
\c@subsubsection=\count106
\c@paragraph=\count107

Using 'Abbrev' bibliography style
LaTeX Info: Redefining \cite on input line 1236.
\bibindent=\dimen122
\colcntr=\count108
\saveb@x=\box29
\copyrtyr=\toks32
\acmcopyr=\toks33
\boilerplate=\toks34
\copyrightetc=\toks35
(/usr/share/texmf-texlive/tex/latex/base/fontenc.sty
Package: fontenc 2005/09/27 v1.99g Standard LaTeX package

(/usr/share/texmf-texlive/tex/latex/base/t1enc.def
File: t1enc.def 2005/09/27 v1.99g Standard LaTeX file
LaTeX Font Info:    Redeclaring font encoding T1 on input line 43.
)
LaTeX Font Info:    Try loading font information for T1+aer on input line 100.

(/usr/share/texmf-texlive/tex/latex/ae/t1aer.fd
File: t1aer.fd 1997/11/16 Font definitions for T1/aer.
)))
(/usr/share/texmf-texlive/tex/latex/base/subfig.sty
Package: subfig 2005/06/28 ver: 1.3 subfig package

(/usr/share/texmf-texlive/tex/latex/base/caption.sty
Package: caption 2010/01/09 v3.1m Customizing captions (AR)

(/usr/share/texmf-texlive/tex/latex/base/caption3.sty
Package: caption3 2010/01/14 v3.1m caption3 kernel (AR)
\captionmargin=\dimen123
\captionmargin@=\dimen124
\captionwidth=\dimen125
\caption@indent=\dimen126
\caption@parindent=\dimen127
\caption@hangindent=\dimen128
\abovecaptionskip=\skip44
\belowcaptionskip=\skip45
Package caption Info: Unknown document class (or package),
(caption)             standard defaults will be used on input line 1084.
)

Package caption Warning: Unsupported document class (or package) detected,
(caption)                usage of the caption package is not recommended.
See the caption package documentation for explanation.

Package caption Info: \@makecaption = \long macro:#1#2-> \vskip \baselineskip \
setbox \@tempboxa \hbox {\textbf {#1: #2}} \ifdim \wd \@tempboxa >\hsize \textb
f {#1: #2}\par \else \hbox to\hsize {\hfil \box \@tempboxa \hfil }\par \fi .
\c@ContinuedFloat=\count109
)
\c@KVtest=\count110
\sf@farskip=\skip46
\sf@captopadj=\dimen129
\sf@capskip=\skip47
\sf@nearskip=\skip48
\c@subfigure=\count111
\c@subfigure@save=\count112
\c@lofdepth=\count113
\c@subtable=\count114
\c@subtable@save=\count115
\c@lotdepth=\count116
\sf@top=\skip49
\sf@bottom=\skip50
) (./computer_vision_paper.aux)
\openout1 = `computer_vision_paper.aux'.

LaTeX Font Info:    Checking defaults for OML/cmm/m/it on input line 10.
LaTeX Font Info:    ... okay on input line 10.
LaTeX Font Info:    Checking defaults for T1/cmr/m/n on input line 10.
LaTeX Font Info:    ... okay on input line 10.
LaTeX Font Info:    Checking defaults for OT1/cmr/m/n on input line 10.
LaTeX Font Info:    ... okay on input line 10.
LaTeX Font Info:    Checking defaults for OMS/cmsy/m/n on input line 10.
LaTeX Font Info:    ... okay on input line 10.
LaTeX Font Info:    Checking defaults for OMX/cmex/m/n on input line 10.
LaTeX Font Info:    ... okay on input line 10.
LaTeX Font Info:    Checking defaults for U/cmr/m/n on input line 10.
LaTeX Font Info:    ... okay on input line 10.
Package caption Info: Begin \AtBeginDocument code.
Package caption3 Info: subfig package 1.2 or 1.3 is loaded.
LaTeX Info: Redefining \subref on input line 10.
Package caption Info: End \AtBeginDocument code.
LaTeX Font Info:    Try loading font information for U+msa on input line 28.

(/usr/share/texmf-texlive/tex/latex/amsfonts/umsa.fd
File: umsa.fd 2002/01/19 v2.2g AMS font definitions
)
LaTeX Font Info:    Try loading font information for U+msb on input line 28.

(/usr/share/texmf-texlive/tex/latex/amsfonts/umsb.fd
File: umsb.fd 2002/01/19 v2.2g AMS font definitions
)
LaTeX Font Info:    Try loading font information for U+lasy on input line 28.

(/usr/share/texmf-texlive/tex/latex/base/ulasy.fd
File: ulasy.fd 1998/08/17 v2.2e LaTeX symbol font definitions
)
<boulderDem.png, id=1, 1027.037pt x 538.01pt>
File: boulderDem.png Graphic file (type png)
 <use boulderDem.png>
Overfull \hbox (12.0pt too wide) in paragraph at lines 50--51
 [][] 
 []

[1{/var/lib/texmf/fonts/map/pdftex/updmap/pdftex.map}


]
<tetonsRenderPoints.png, id=10, 1027.037pt x 538.01pt>
File: tetonsRenderPoints.png Graphic file (type png)

<use tetonsRenderPoints.png>
Overfull \hbox (12.0pt too wide) in paragraph at lines 109--110
 [][] 
 []

<uncleaned_render_of_tetons.png, id=11, 1027.037pt x 538.01pt>
File: uncleaned_render_of_tetons.png Graphic file (type png)

<use uncleaned_render_of_tetons.png>
Overfull \hbox (12.0pt too wide) in paragraph at lines 115--116
 [][] 
 []

[2 <./boulderDem.png (PNG copy)>] <picSkyline.png, id=20, 449.68pt x 337.26pt>
File: picSkyline.png Graphic file (type png)

<use picSkyline.png> <picSobel.png, id=21, 449.68pt x 337.26pt>
File: picSobel.png Graphic file (type png)

<use picSobel.png>
Overfull \hbox (6.15573pt too wide) in paragraph at lines 129--133
 [][][] 
 []

<nightAnnotated.png, id=22, 449.68pt x 337.26pt>
File: nightAnnotated.png Graphic file (type png)
 <use nightAnnotated.png>
<estesParkAnnotated.png, id=23, 449.68pt x 337.26pt>
File: estesParkAnnotated.png Graphic file (type png)

<use estesParkAnnotated.png>
<organPipes2Annotated.png, id=24, 449.68pt x 337.26pt>
File: organPipes2Annotated.png Graphic file (type png)

<use organPipes2Annotated.png>
<tetonsCloudErrorSmallSkyline.png, id=25, 1027.037pt x 538.01pt>
File: tetonsCloudErrorSmallSkyline.png Graphic file (type png)

<use tetonsCloudErrorSmallSkyline.png>
Overfull \hbox (12.0pt too wide) in paragraph at lines 147--148
 [][] 
 []

<whiteSandsAnnotated.png, id=26, 449.68pt x 337.26pt>
File: whiteSandsAnnotated.png Graphic file (type png)

<use whiteSandsAnnotated.png>
Overfull \hbox (12.0pt too wide) in paragraph at lines 153--154
 [][] 
 []

[3 <./tetonsRenderPoints.png (PNG copy)> <./uncleaned_render_of_tetons.png (PNG
 copy)>] [4 <./picSkyline.png (PNG copy)> <./picSobel.png (PNG copy)> <./nightA
nnotated.png (PNG copy)> <./estesParkAnnotated.png (PNG copy)> <./organPipes2An
notated.png (PNG copy)>] [5 <./tetonsCloudErrorSmallSkyline.png (PNG copy)> <./
whiteSandsAnnotated.png (PNG copy)>] (./computer_vision_paper.bbl
Overfull \hbox (33.02838pt too wide) in paragraph at lines 38--44
\T1/aer/m/n/9 http://www.mathworks.com/matlabcentral/fileexchange/8607- 
 []

) [6] (./computer_vision_paper.aux) ) 
Here is how much of TeX's memory you used:
 3032 strings out of 95086
 41499 string characters out of 1183256
 108761 words of memory out of 1500000
 6164 multiletter control sequences out of 10000+50000
 47818 words of font info for 62 fonts, out of 1200000 for 2000
 28 hyphenation exceptions out of 8191
 44i,10n,45p,1409b,362s stack positions out of 5000i,500n,6000p,200000b,5000s
{/usr/share/texmf-texlive/fonts/enc/dvips/
base/8r.enc}</usr/share/texmf-texlive/fonts/type1/bluesky/cm/cmmi6.pfb></usr/sh
are/texmf-texlive/fonts/type1/bluesky/cm/cmmi9.pfb></usr/share/texmf-texlive/fo
nts/type1/bluesky/cm/cmr6.pfb></usr/share/texmf-texlive/fonts/type1/bluesky/cm/
cmr9.pfb></usr/share/texmf-texlive/fonts/type1/bluesky/cm/cmsy9.pfb></usr/share
/texmf-texlive/fonts/type1/bluesky/cm/cmti9.pfb></usr/share/texmf-texlive/fonts
/type1/public/cmex/fmex9.pfb></usr/share/texmf-texlive/fonts/type1/bluesky/late
x-fonts/uhvb8a.pfb></usr/share/texmf-texlive/fonts/type1/bluesky/latex-fonts/uh
vr8a.pfb></usr/share/texmf-texlive/fonts/type1/bluesky/latex-fonts/utmb8a.pfb>
Output written on computer_vision_paper.pdf (6 pages, 1325195 bytes).
PDF statistics:
 72 PDF objects out of 1000 (max. 8388607)
 0 named destinations out of 1000 (max. 131072)
 51 words of extra memory for PDF output out of 10000 (max. 10000000)

